<?xml version="1.0" encoding="UTF-8"?>
<testsuite xmlns:xsi="http://www.w3.org/2001/XMLSchema-instance" xsi:noNamespaceSchemaLocation="https://maven.apache.org/surefire/maven-surefire-plugin/xsd/surefire-test-report.xsd" name="ar.edu.itba.paw.persistence.UserJdbcDaoTest" time="0.245" tests="2" errors="0" skipped="0" failures="0">
  <properties>
[...]
</properties>
  <testcase name="testFindByIdDoesntExists" classname="ar.edu.itba.paw.persistence.UserJdbcDaoTest" time="0.033"/>
  <testcase name="testCreate" classname="ar.edu.itba.paw.persistence.UserJdbcDaoTest" time="0.15"/>
</testsuite>