<?xml version="1.0" encoding="UTF-8"?>
<testsuite xmlns:xsi="http://www.w3.org/2001/XMLSchema-instance" xsi:noNamespaceSchemaLocation="https://maven.apache.org/surefire/maven-surefire-plugin/xsd/surefire-test-report.xsd" name="ar.edu.itba.paw.persistence.ProjectJdbcDaoTest" time="0.516" tests="8" errors="0" skipped="0" failures="0">
  <properties>
[...]
</properties>
  <testcase name="testFindByCategoriesNull" classname="ar.edu.itba.paw.persistence.ProjectJdbcDaoTest" time="0.077"/>
  <testcase name="testFindByCategoriesEmpty" classname="ar.edu.itba.paw.persistence.ProjectJdbcDaoTest" time="0.056"/>
  <testcase name="testFindByCategoriesValid" classname="ar.edu.itba.paw.persistence.ProjectJdbcDaoTest" time="0.138"/>
  <testcase name="testFindByIdDoesntExists" classname="ar.edu.itba.paw.persistence.ProjectJdbcDaoTest" time="0.044"/>
  <testcase name="testFindByIdProjectExists" classname="ar.edu.itba.paw.persistence.ProjectJdbcDaoTest" time="0.05"/>
  <testcase name="testCreate" classname="ar.edu.itba.paw.persistence.ProjectJdbcDaoTest" time="0.049"/>
  <testcase name="testFindAllIfTableEmpty" classname="ar.edu.itba.paw.persistence.ProjectJdbcDaoTest" time="0.012"/>
  <testcase name="testFindAllIfTableNotEmpty" classname="ar.edu.itba.paw.persistence.ProjectJdbcDaoTest" time="0.052"/>
</testsuite>